<?xml version="1.0" encoding="UTF-8"?>
<beans xmlns="http://www.springframework.org/schema/beans"
	xmlns:xsi="http://www.w3.org/2001/XMLSchema-instance" xmlns:aop="http://www.springframework.org/schema/aop"
	xmlns:context="http://www.springframework.org/schema/context" xmlns:tx="http://www.springframework.org/schema/tx"
	xmlns:task="http://www.springframework.org/schema/task" xmlns:util="http://www.springframework.org/schema/util"
	xmlns:jms="http://www.springframework.org/schema/jms" xmlns:amq="http://activemq.apache.org/schema/core"
	xsi:schemaLocation="
	 http://www.springframework.org/schema/beans 
	 http://www.springframework.org/schema/beans/spring-beans-3.2.xsd
	 http://www.springframework.org/schema/aop 
     http://www.springframework.org/schema/aop/spring-aop-3.2.xsd     
     http://www.springframework.org/schema/context 
     http://www.springframework.org/schema/context/spring-context-3.2.xsd
     http://www.springframework.org/schema/tx 
     http://www.springframework.org/schema/tx/spring-tx-3.2.xsd
     http://www.springframework.org/schema/task 
     http://www.springframework.org/schema/task/spring-task-3.2.xsd 
     http://www.springframework.org/schema/util 
     http://www.springframework.org/schema/util/spring-util-3.2.xsd
     http://www.springframework.org/schema/jms 
     http://www.springframework.org/schema/jms/spring-jms-3.2.xsd
     http://activemq.apache.org/schema/core 
     http://activemq.apache.org/schema/core/activemq-core.xsd">
	<!--JmsTransactionManager JmsTemplate defaultDestination DynamicDestinationResolver 
		JmsGatewaySupport -->

	<!--目标 是ActiveMQ提供的 连接工厂 （::org.apache.activemq.pool.PooledConnectionFactory） -->
	<bean id="__ConnectionFactory" class="org.apache.activemq.ActiveMQConnectionFactory">
		<property name="brokerURL" value="tcp://localhost:61616" />
	</bean>

	<bean id="jmsConnectionFactory"
		class="org.springframework.jms.connection.CachingConnectionFactory">
		<property name="targetConnectionFactory" ref="__ConnectionFactory" />
		<property name="sessionCacheSize" value="100" />
	</bean>

	<!-- jms 模板 -->
	<!-- 一个队列目的地，点对点的 -->
	<bean id="defaultJmsQueue" class="org.apache.activemq.command.ActiveMQQueue">
		<constructor-arg index="0" value="ezmall.default" />
	</bean>
	<bean id="defaultJmsTopic" class="org.apache.activemq.command.ActiveMQTopic">
		<constructor-arg index="0" value="ezmall.default" />
	</bean>

	<bean id="jmsQueueTemplate" class="org.springframework.jms.core.JmsTemplate">
		<property name="connectionFactory" ref="jmsConnectionFactory" />
		<property name="pubSubDomain" value="false" />
		<property name="defaultDestination" ref="defaultJmsQueue" />
	</bean>
	<bean id="jmsTopicTemplate" class="org.springframework.jms.core.JmsTemplate">
		<property name="connectionFactory" ref="jmsConnectionFactory" />
		<property name="pubSubDomain" value="true" />
		<property name="defaultDestination" ref="defaultJmsTopic" />
	</bean>

	<!-- 消息发送、处理 -->
	<bean id="simpleMessageSender" class="priv.starfish.common.jms.SimpleMessageSenderImpl">
		<property name="jmsQueueTemplate" ref="jmsQueueTemplate" />
		<property name="jmsTopicTemplate" ref="jmsTopicTemplate" />
	</bean>

	<bean id="simpleMessageHandler" class="priv.starfish.common.jms.SimpleMessageHandler" />

	<bean id="jmsMessageListener"
		class="org.springframework.jms.listener.adapter.MessageListenerAdapter">
		<property name="defaultListenerMethod" value="handleMessage" />
		<property name="delegate" ref="simpleMessageHandler" />
	</bean>

	<bean id="absQueueMessageListenerContainer"
		class="org.springframework.jms.listener.DefaultMessageListenerContainer"
		abstract="true">
		<property name="connectionFactory" ref="jmsConnectionFactory" />
		<property name="messageListener" ref="jmsMessageListener" />
		<property name="pubSubDomain" value="false" />
	</bean>

	<bean id="absTopicMessageListenerContainer"
		class="org.springframework.jms.listener.DefaultMessageListenerContainer"
		abstract="true">
		<property name="connectionFactory" ref="jmsConnectionFactory" />
		<property name="messageListener" ref="jmsMessageListener" />
		<property name="pubSubDomain" value="true" />
	</bean>

	<!-- 队列消息 ======================================================== -->
	<bean parent="absQueueMessageListenerContainer">
		<property name="destination" ref="defaultJmsQueue" />
	</bean>

	<bean parent="absQueueMessageListenerContainer">
		<property name="destinationName" value="ezmall.config" />
	</bean>

	<!-- 主题消息 ======================================================== -->
	<bean parent="absTopicMessageListenerContainer">
		<property name="destination" ref="defaultJmsTopic" />
	</bean>

	<bean parent="absTopicMessageListenerContainer">
		<property name="destinationName" value="ezmall.config" />
	</bean>

</beans>