<?xml version="1.0" encoding="UTF-8"?>
<beans xmlns="http://www.springframework.org/schema/beans"
	xmlns:xsi="http://www.w3.org/2001/XMLSchema-instance" xmlns:context="http://www.springframework.org/schema/context"
	xmlns:tx="http://www.springframework.org/schema/tx" xmlns:aop="http://www.springframework.org/schema/aop"
	xmlns:util="http://www.springframework.org/schema/util"
	xsi:schemaLocation="http://www.springframework.org/schema/beans
		http://www.springframework.org/schema/beans/spring-beans-3.2.xsd
		http://www.springframework.org/schema/context
		http://www.springframework.org/schema/context/spring-context-3.2.xsd
		http://www.springframework.org/schema/tx   
    	http://www.springframework.org/schema/tx/spring-tx-3.2.xsd
    	http://www.springframework.org/schema/aop  
    	http://www.springframework.org/schema/aop/spring-aop-3.2.xsd 
    	http://www.springframework.org/schema/util 
    	http://www.springframework.org/schema/util/spring-util-3.2.xsd">

	<bean id="jedisPoolConfig" class="redis.clients.jedis.JedisPoolConfig">
		<property name="maxIdle" value="6" />
		<property name="minEvictableIdleTimeMillis" value="600000" />
		<property name="numTestsPerEvictionRun" value="3" />
		<property name="timeBetweenEvictionRunsMillis" value="60000" />
	</bean>

	<bean id="jedisConnectionFactory"
		class="org.springframework.data.redis.connection.jedis.JedisConnectionFactory"
		destroy-method="destroy">
		<property name="poolConfig" ref="jedisPoolConfig" />
		<property name="hostName" value="127.0.0.1" />
		<property name="port" value="6379" />
		<property name="password" value="" />
		<property name="timeout" value="15000" />
		<property name="usePool" value="true" />
		<property name="database" value="1" />
	</bean>


	<!--<bean id="lettuceConnectionFactory"
		class="org.springframework.data.redis.connection.lettuce.LettuceConnectionFactory"
		destroy-method="destroy">
		<property name="hostName" value="127.0.0.1" />
		<property name="port" value="6379" />
		<property name="password" value="" />
		<property name="timeout" value="15000" />
		<property name="database" value="1" />
	</bean>-->

	<bean id="cacheEventListener" class="priv.starfish.common.cache.TraceCacheEventListener" />

	<bean id="redisCacheManager" class="priv.starfish.common.cache.redis.RedisCacheManager">
		<property name="cacheList">
			<util:list>
				<bean class="priv.starfish.common.cache.redis.RedisCache">
					<constructor-arg index="0" value="dict" />
					<property name="connectionFactory" ref="jedisConnectionFactory" />
					<property name="eventListener" ref="cacheEventListener" />
				</bean>
				<bean class="priv.starfish.common.cache.redis.RedisCache">
					<constructor-arg index="0" value="demo" />
					<property name="connectionFactory" ref="jedisConnectionFactory" />
					<property name="eventListener" ref="cacheEventListener" />
				</bean>
			</util:list>
		</property>
	</bean>

	<bean id="stringRedisSerializer"
		class="org.springframework.data.redis.serializer.StringRedisSerializer" />
	<bean id="jdkSerializationRedisSerializer"
		class="org.springframework.data.redis.serializer.JdkSerializationRedisSerializer" />

	<bean id="redisTemplate" class="org.springframework.data.redis.core.RedisTemplate">
		<property name="connectionFactory" ref="jedisConnectionFactory" />
		<property name="keySerializer" ref="stringRedisSerializer" />
		<property name="valueSerializer" ref="jdkSerializationRedisSerializer" />
		<property name="hashKeySerializer" ref="stringRedisSerializer" />
		<property name="hashValueSerializer" ref="jdkSerializationRedisSerializer" />
	</bean>
</beans>